<?xml version="1.0" encoding="UTF-8" ?>
<testsuite tests="18" failures="0" name="com.accenture.academy.test.model.StudentTest" time="0.122" errors="0" skipped="0">
  <properties>
    <property name="java.runtime.name" value="Java(TM) SE Runtime Environment"/>
    <property name="sun.boot.library.path" value="C:\Program Files\Java\jdk1.8.0_161\jre\bin"/>
    <property name="java.vm.version" value="25.161-b12"/>
    <property name="java.vm.vendor" value="Oracle Corporation"/>
    <property name="maven.multiModuleProjectDirectory" value="C:\Users\kheshav.jhundoo\Documents\workspace-test\junit-labs"/>
    <property name="java.vendor.url" value="http://java.oracle.com/"/>
    <property name="path.separator" value=";"/>
    <property name="guice.disable.misplaced.annotation.check" value="true"/>
    <property name="java.vm.name" value="Java HotSpot(TM) 64-Bit Server VM"/>
    <property name="file.encoding.pkg" value="sun.io"/>
    <property name="user.script" value=""/>
    <property name="user.country" value="GB"/>
    <property name="sun.java.launcher" value="SUN_STANDARD"/>
    <property name="sun.os.patch.level" value=""/>
    <property name="java.vm.specification.name" value="Java Virtual Machine Specification"/>
    <property name="user.dir" value="C:\Users\kheshav.jhundoo\Documents\workspace-test\junit-labs"/>
    <property name="java.runtime.version" value="1.8.0_161-b12"/>
    <property name="java.awt.graphicsenv" value="sun.awt.Win32GraphicsEnvironment"/>
    <property name="java.endorsed.dirs" value="C:\Program Files\Java\jdk1.8.0_161\jre\lib\endorsed"/>
    <property name="os.arch" value="amd64"/>
    <property name="java.io.tmpdir" value="C:\Users\KHESHA~1.JHU\AppData\Local\Temp\"/>
    <property name="line.separator" value="
"/>
    <property name="java.vm.specification.vendor" value="Oracle Corporation"/>
    <property name="user.variant" value=""/>
    <property name="os.name" value="Windows 10"/>
    <property name="classworlds.conf" value="C:\JavaLibrary\apache-maven-3.5.3\bin\..\bin\m2.conf"/>
    <property name="sun.jnu.encoding" value="Cp1252"/>
    <property name="java.library.path" value="C:\Program Files\Java\jdk1.8.0_161\bin;C:\windows\Sun\Java\bin;C:\windows\system32;C:\windows;C:/Program Files/Java/jre1.8.0_171/bin/server;C:/Program Files/Java/jre1.8.0_171/bin;C:/Program Files/Java/jre1.8.0_171/lib/amd64;C:\Program Files (x86)\Common Files\Oracle\Java\javapath;C:\Program Files\Java\jdk1.8.0_161\bin;C:\ProgramData\Oracle\Java\javapath;C:\windows\system32;C:\windows;C:\windows\System32\Wbem;C:\windows\System32\WindowsPowerShell\v1.0\;c:\Program Files (x86)\Microsoft SQL Server\110\Tools\Binn\;c:\Program Files (x86)\Microsoft SQL Server\110\DTS\Binn\;c:\Program Files (x86)\Microsoft SQL Server\110\Tools\Binn\ManagementStudio\;C:\Program Files\MySQL\MySQL Utilities 1.6\;C:\JavaLibrary\apache-maven-3.5.3\bin;C:\JavaLibrary\gradle-4.7\bin;C:\Program Files\nodejs\;C:\JavaLibrary\sonar-scanner-3.2.0.1227-windows\bin;C:\Git\bin;C:\Program Files (x86)\Jenkins;C:\Users\kheshav.jhundoo\AppData\Local\Programs\Python\Launcher\;C:\Users\kheshav.jhundoo\AppData\Local\Microsoft\WindowsApps;C:\Program Files\Microsoft VS Code\bin;C:\Users\kheshav.jhundoo\AppData\Roaming\npm;C:\Git\cmd;C:\Users\kheshav.jhundoo\Documents\SpringFramework\spring-tool-suite-3.9.3.RELEASE-e4.7.3-win32-x86_64\sts-bundle\sts-3.9.3.RELEASE;;."/>
    <property name="maven.conf" value="C:\JavaLibrary\apache-maven-3.5.3\bin\../conf"/>
    <property name="java.specification.name" value="Java Platform API Specification"/>
    <property name="java.class.version" value="52.0"/>
    <property name="sun.management.compiler" value="HotSpot 64-Bit Tiered Compilers"/>
    <property name="os.version" value="10.0"/>
    <property name="library.jansi.path" value="C:\JavaLibrary\apache-maven-3.5.3\bin\..\lib\jansi-native"/>
    <property name="user.home" value="C:\Users\kheshav.jhundoo"/>
    <property name="user.timezone" value="Indian/Mauritius"/>
    <property name="java.awt.printerjob" value="sun.awt.windows.WPrinterJob"/>
    <property name="java.specification.version" value="1.8"/>
    <property name="file.encoding" value="Cp1252"/>
    <property name="user.name" value="kheshav.jhundoo"/>
    <property name="java.class.path" value="C:\JavaLibrary\apache-maven-3.5.3\bin\..\boot\plexus-classworlds-2.5.2.jar"/>
    <property name="java.vm.specification.version" value="1.8"/>
    <property name="sun.arch.data.model" value="64"/>
    <property name="java.home" value="C:\Program Files\Java\jdk1.8.0_161\jre"/>
    <property name="sun.java.command" value="org.codehaus.plexus.classworlds.launcher.Launcher clean install"/>
    <property name="java.specification.vendor" value="Oracle Corporation"/>
    <property name="user.language" value="en"/>
    <property name="awt.toolkit" value="sun.awt.windows.WToolkit"/>
    <property name="java.vm.info" value="mixed mode"/>
    <property name="java.version" value="1.8.0_161"/>
    <property name="java.ext.dirs" value="C:\Program Files\Java\jdk1.8.0_161\jre\lib\ext;C:\windows\Sun\Java\lib\ext"/>
    <property name="sun.boot.class.path" value="C:\Program Files\Java\jdk1.8.0_161\jre\lib\resources.jar;C:\Program Files\Java\jdk1.8.0_161\jre\lib\rt.jar;C:\Program Files\Java\jdk1.8.0_161\jre\lib\sunrsasign.jar;C:\Program Files\Java\jdk1.8.0_161\jre\lib\jsse.jar;C:\Program Files\Java\jdk1.8.0_161\jre\lib\jce.jar;C:\Program Files\Java\jdk1.8.0_161\jre\lib\charsets.jar;C:\Program Files\Java\jdk1.8.0_161\jre\lib\jfr.jar;C:\Program Files\Java\jdk1.8.0_161\jre\classes"/>
    <property name="sun.stderr.encoding" value="cp437"/>
    <property name="java.vendor" value="Oracle Corporation"/>
    <property name="maven.home" value="C:\JavaLibrary\apache-maven-3.5.3\bin\.."/>
    <property name="file.separator" value="\"/>
    <property name="java.vendor.url.bug" value="http://bugreport.sun.com/bugreport/"/>
    <property name="sun.cpu.endian" value="little"/>
    <property name="sun.io.unicode.encoding" value="UnicodeLittle"/>
    <property name="sun.stdout.encoding" value="cp437"/>
    <property name="sun.desktop" value="windows"/>
    <property name="sun.cpu.isalist" value="amd64"/>
  </properties>
  <testcase classname="com.accenture.academy.test.model.StudentTest" name="testAssertIsMinor" time="0.091"/>
  <testcase classname="com.accenture.academy.test.model.StudentTest" name="testAssertIsStudent" time="0"/>
  <testcase classname="com.accenture.academy.test.model.StudentTest" name="testAssertFreeVoucherEquals" time="0"/>
  <testcase classname="com.accenture.academy.test.model.StudentTest" name="testAssertIsNotStudent" time="0.001"/>
  <testcase classname="com.accenture.academy.test.model.StudentTest" name="testAssertLastNameEquals" time="0"/>
  <testcase classname="com.accenture.academy.test.model.StudentTest" name="testAssertVoucherEquals" time="0"/>
  <testcase classname="com.accenture.academy.test.model.StudentTest" name="testAssertIsNotFunny" time="0"/>
  <testcase classname="com.accenture.academy.test.model.StudentTest" name="testAssertIsNotMinor" time="0"/>
  <testcase classname="com.accenture.academy.test.model.StudentTest" name="testAssertEnrolledModulesEquals" time="0.009"/>
  <testcase classname="com.accenture.academy.test.model.StudentTest" name="testAssertEnrolledModulesEqual" time="0.002"/>
  <testcase classname="com.accenture.academy.test.model.StudentTest" name="testAssertModuleEquals" time="0.016"/>
  <testcase classname="com.accenture.academy.test.model.StudentTest" name="testAssertModuleAddedToStudent" time="0"/>
  <testcase classname="com.accenture.academy.test.model.StudentTest" name="testAssertDoBEquals" time="0.001"/>
  <testcase classname="com.accenture.academy.test.model.StudentTest" name="testAssertIdEquals" time="0"/>
  <testcase classname="com.accenture.academy.test.model.StudentTest" name="testAssertAgeEquals" time="0"/>
  <testcase classname="com.accenture.academy.test.model.StudentTest" name="testAssertAttitudeEquals" time="0.001"/>
  <testcase classname="com.accenture.academy.test.model.StudentTest" name="testAssertFirstNameEquals" time="0.001"/>
  <testcase classname="com.accenture.academy.test.model.StudentTest" name="testAssertIsFunny" time="0"/>
</testsuite>